#
# There is insufficient memory for the Java Runtime Environment to continue.
# Native memory allocation (malloc) failed to allocate 1323616 bytes for Chunk::new
# Possible reasons:
#   The system is out of physical RAM or swap space
#   In 32 bit mode, the process size limit was hit
# Possible solutions:
#   Reduce memory load on the system
#   Increase physical memory or swap space
#   Check if swap backing store is full
#   Use 64 bit Java on a 64 bit OS
#   Decrease Java heap size (-Xmx/-Xms)
#   Decrease number of Java threads
#   Decrease Java thread stack sizes (-Xss)
#   Set larger code cache with -XX:ReservedCodeCacheSize=
# This output file may be truncated or incomplete.
#
#  Out of Memory Error (allocation.cpp:390), pid=5732, tid=0x00000000000002f4
#
# JRE version: OpenJDK Runtime Environment (8.0_152-b02) (build 1.8.0_152-release-1024-b02)
# Java VM: OpenJDK 64-Bit Server VM (25.152-b02 mixed mode windows-amd64 compressed oops)
# Failed to write core dump. Minidumps are not enabled by default on client versions of Windows
#

---------------  T H R E A D  ---------------

Current thread (0x00000000164bc800):  JavaThread "C2 CompilerThread0" daemon [_thread_in_native, id=756, stack(0x0000000017b30000,0x0000000017c30000)]

Stack: [0x0000000017b30000,0x0000000017c30000]
[error occurred during error reporting (printing stack bounds), id 0xc0000005]

Native frames: (J=compiled Java code, j=interpreted, Vv=VM code, C=native code)


Current CompileTask:
C2:1302478 13177       4       org.gradle.api.internal.project.taskfactory.DefaultTaskClassValidatorExtractor::mergeDeclaredAnnotations (218 bytes)


---------------  P R O C E S S  ---------------

Java Threads: ( => current thread )
  0x0000000018a61800 JavaThread "build operations Thread 4" [_thread_blocked, id=4040, stack(0x0000000000b10000,0x0000000000c10000)]
  0x0000000018a60000 JavaThread "build operations Thread 3" [_thread_blocked, id=6784, stack(0x0000000000a10000,0x0000000000b10000)]
  0x0000000018a63000 JavaThread "build operations Thread 2" [_thread_blocked, id=6928, stack(0x0000000000910000,0x0000000000a10000)]
  0x0000000018a62000 JavaThread "build operations" [_thread_blocked, id=6332, stack(0x0000000000810000,0x0000000000910000)]
  0x0000000018a5c000 JavaThread "Cache worker for Artifact transforms cache (C:\Users\Administrador\.gradle\caches\transforms-1)" [_thread_blocked, id=1484, stack(0x0000000000710000,0x0000000000810000)]
  0x0000000018a5d000 JavaThread "Cache worker for file hash cache (C:\Users\Administrador\AndroidStudioProjects\VolleyConnecction\.gradle\4.4\fileHashes)" [_thread_blocked, id=2672, stack(0x0000000000610000,0x0000000000710000)]
  0x0000000018a5b800 JavaThread "Stdin handler" [_thread_blocked, id=1280, stack(0x0000000000510000,0x0000000000610000)]
  0x0000000018a5e800 JavaThread "Asynchronous log dispatcher for DefaultDaemonConnection: socket connection from /127.0.0.1:1113 to /127.0.0.1:1517" [_thread_blocked, id=2812, stack(0x0000000000410000,0x0000000000510000)]
  0x0000000018a5a800 JavaThread "Daemon worker Thread 5" [_thread_in_Java, id=6408, stack(0x0000000000310000,0x0000000000410000)]
  0x0000000018a5d800 JavaThread "Cancel handler" [_thread_blocked, id=196, stack(0x0000000000210000,0x0000000000310000)]
  0x0000000018a5a000 JavaThread "Handler for socket connection from /127.0.0.1:1113 to /127.0.0.1:1517" [_thread_in_native, id=7164, stack(0x0000000000110000,0x0000000000210000)]
  0x0000000018a59000 JavaThread "Daemon Thread 5" [_thread_blocked, id=5256, stack(0x0000000000010000,0x0000000000110000)]
  0x0000000018b6f000 JavaThread "Memory manager" [_thread_blocked, id=6136, stack(0x0000000020d50000,0x0000000020e50000)]
  0x00000000197f2000 JavaThread "File lock request listener" [_thread_in_native, id=5020, stack(0x000000001aee0000,0x000000001afe0000)]
  0x000000001964b000 JavaThread "Cache worker for file hash cache (C:\Users\Administrador\.gradle\caches\4.4\fileHashes)" [_thread_blocked, id=1500, stack(0x000000001ade0000,0x000000001aee0000)]
  0x00000000193eb000 JavaThread "Daemon periodic checks" [_thread_blocked, id=3160, stack(0x000000001a2e0000,0x000000001a3e0000)]
  0x0000000019541800 JavaThread "Incoming local TCP Connector on port 1113" [_thread_in_native, id=2936, stack(0x000000001a0e0000,0x000000001a1e0000)]
  0x0000000017e50800 JavaThread "Service Thread" daemon [_thread_blocked, id=5088, stack(0x0000000018230000,0x0000000018330000)]
  0x00000000164ca000 JavaThread "C1 CompilerThread2" daemon [_thread_blocked, id=4700, stack(0x0000000017d30000,0x0000000017e30000)]
  0x00000000164c0000 JavaThread "C2 CompilerThread1" daemon [_thread_in_native, id=824, stack(0x0000000017c30000,0x0000000017d30000)]
=>0x00000000164bc800 JavaThread "C2 CompilerThread0" daemon [_thread_in_native, id=756, stack(0x0000000017b30000,0x0000000017c30000)]
  0x00000000164c7000 JavaThread "Attach Listener" daemon [_thread_blocked, id=348, stack(0x0000000017a30000,0x0000000017b30000)]
  0x00000000164c5800 JavaThread "Signal Dispatcher" daemon [_thread_blocked, id=428, stack(0x0000000017930000,0x0000000017a30000)]
  0x0000000002b1c800 JavaThread "Finalizer" daemon [_thread_blocked, id=5044, stack(0x0000000017720000,0x0000000017820000)]
  0x0000000002b11000 JavaThread "Reference Handler" daemon [_thread_blocked, id=5368, stack(0x0000000017620000,0x0000000017720000)]
  0x00000000010be000 JavaThread "main" [_thread_blocked, id=5772, stack(0x0000000002920000,0x0000000002a20000)]

Other Threads:
  0x0000000016486000 VMThread [stack: 0x0000000017520000,0x0000000017620000] [id=5696]
  0x00000000164fa000 WatcherThread [stack: 0x0000000018330000,0x0000000018430000] [id=5072]

VM state:not at safepoint (normal execution)

VM Mutex/Monitor currently owned by a thread: None

Heap:
 PSYoungGen      total 177664K, used 141479K [0x00000000e0000000, 0x00000000f0380000, 0x0000000100000000)
  eden space 139264K, 80% used [0x00000000e0000000,0x00000000e6d04138,0x00000000e8800000)
  from space 38400K, 77% used [0x00000000e8800000,0x00000000ea525c68,0x00000000ead80000)
  to   space 40960K, 0% used [0x00000000edb80000,0x00000000edb80000,0x00000000f0380000)
 ParOldGen       total 114176K, used 42312K [0x00000000a0000000, 0x00000000a6f80000, 0x00000000e0000000)
  object space 114176K, 37% used [0x00000000a0000000,0x00000000a29521c0,0x00000000a6f80000)
 Metaspace       used 74742K, capacity 77886K, committed 78040K, reserved 1116160K
  class space    used 9738K, capacity 10434K, committed 10496K, reserved 1048576K

Card table byte_map: [0x0000000011ef0000,0x0000000012200000] byte_map_base: 0x00000000119f0000

Marking Bits: (ParMarkBitMap*) 0x00000000621f4970
 Begin Bits: [0x0000000012800000, 0x0000000014000000)
 End Bits:   [0x0000000014000000, 0x0000000015800000)

Polling page: 0x00000000010a0000

CodeCache: size=245760Kb used=35072Kb max_used=35350Kb free=210687Kb
 bounds [0x0000000002b30000, 0x0000000004df0000, 0x0000000011b30000]
 total_blobs=11626 nmethods=10799 adapters=739
 compilation: enabled

Compilation events (10 events):
Event: 1301.755 Thread 0x00000000164ca000 13188       1       java.util.stream.FindOps$FindSink::cancellationRequested (5 bytes)
Event: 1301.756 Thread 0x00000000164ca000 nmethod 13188 0x000000000389da90 code [0x000000000389dbe0, 0x000000000389dcf0]
Event: 1302.027 Thread 0x00000000164ca000 13189       3       com.google.common.collect.Sets$2::iterator (5 bytes)
Event: 1302.028 Thread 0x00000000164ca000 nmethod 13189 0x0000000004375e90 code [0x0000000004376060, 0x0000000004376888]
Event: 1302.029 Thread 0x00000000164ca000 13190       3       org.gradle.api.internal.tasks.DefaultTaskInputs$1::call (5 bytes)
Event: 1302.075 Thread 0x00000000164ca000 nmethod 13190 0x0000000003f53910 code [0x0000000003f53ac0, 0x0000000003f53f68]
Event: 1302.076 Thread 0x00000000164ca000 13191       3       org.gradle.api.internal.tasks.DefaultTaskInputs$1::call (22 bytes)
Event: 1302.076 Thread 0x00000000164ca000 nmethod 13191 0x0000000004375650 code [0x00000000043757e0, 0x0000000004375c28]
Event: 1302.160 Thread 0x00000000164ca000 13192       3       org.gradle.api.internal.tasks.DefaultTaskInputs::access$000 (5 bytes)
Event: 1302.161 Thread 0x00000000164ca000 nmethod 13192 0x0000000003f53450 code [0x0000000003f535c0, 0x0000000003f537b0]

GC Heap History (10 events):
Event: 64.743 GC heap before
{Heap before GC invocations=18 (full 3):
 PSYoungGen      total 136192K, used 134984K [0x00000000e0000000, 0x00000000e9f80000, 0x0000000100000000)
  eden space 115712K, 100% used [0x00000000e0000000,0x00000000e7100000,0x00000000e7100000)
  from space 20480K, 94% used [0x00000000e8780000,0x00000000e9a520e8,0x00000000e9b80000)
  to   space 23040K, 0% used [0x00000000e7100000,0x00000000e7100000,0x00000000e8780000)
 ParOldGen       total 114176K, used 33884K [0x00000000a0000000, 0x00000000a6f80000, 0x00000000e0000000)
  object space 114176K, 29% used [0x00000000a0000000,0x00000000a21173b0,0x00000000a6f80000)
 Metaspace       used 64954K, capacity 67280K, committed 67544K, reserved 1107968K
  class space    used 8553K, capacity 9111K, committed 9216K, reserved 1048576K
Event: 64.818 GC heap after
Heap after GC invocations=18 (full 3):
 PSYoungGen      total 138752K, used 23011K [0x00000000e0000000, 0x00000000ebc00000, 0x0000000100000000)
  eden space 115712K, 0% used [0x00000000e0000000,0x00000000e0000000,0x00000000e7100000)
  from space 23040K, 99% used [0x00000000e7100000,0x00000000e8778d30,0x00000000e8780000)
  to   space 29184K, 0% used [0x00000000e9f80000,0x00000000e9f80000,0x00000000ebc00000)
 ParOldGen       total 114176K, used 42280K [0x00000000a0000000, 0x00000000a6f80000, 0x00000000e0000000)
  object space 114176K, 37% used [0x00000000a0000000,0x00000000a294a1c0,0x00000000a6f80000)
 Metaspace       used 64954K, capacity 67280K, committed 67544K, reserved 1107968K
  class space    used 8553K, capacity 9111K, committed 9216K, reserved 1048576K
}
Event: 101.420 GC heap before
{Heap before GC invocations=19 (full 3):
 PSYoungGen      total 138752K, used 138723K [0x00000000e0000000, 0x00000000ebc00000, 0x0000000100000000)
  eden space 115712K, 100% used [0x00000000e0000000,0x00000000e7100000,0x00000000e7100000)
  from space 23040K, 99% used [0x00000000e7100000,0x00000000e8778d30,0x00000000e8780000)
  to   space 29184K, 0% used [0x00000000e9f80000,0x00000000e9f80000,0x00000000ebc00000)
 ParOldGen       total 114176K, used 42280K [0x00000000a0000000, 0x00000000a6f80000, 0x00000000e0000000)
  object space 114176K, 37% used [0x00000000a0000000,0x00000000a294a1c0,0x00000000a6f80000)
 Metaspace       used 67384K, capacity 69900K, committed 70104K, reserved 1110016K
  class space    used 8828K, capacity 9441K, committed 9472K, reserved 1048576K
Event: 101.479 GC heap after
Heap after GC invocations=19 (full 3):
 PSYoungGen      total 159232K, used 27359K [0x00000000e0000000, 0x00000000ec100000, 0x0000000100000000)
  eden space 130048K, 0% used [0x00000000e0000000,0x00000000e0000000,0x00000000e7f00000)
  from space 29184K, 93% used [0x00000000e9f80000,0x00000000eba37f88,0x00000000ebc00000)
  to   space 33280K, 0% used [0x00000000e7f00000,0x00000000e7f00000,0x00000000e9f80000)
 ParOldGen       total 114176K, used 42288K [0x00000000a0000000, 0x00000000a6f80000, 0x00000000e0000000)
  object space 114176K, 37% used [0x00000000a0000000,0x00000000a294c1c0,0x00000000a6f80000)
 Metaspace       used 67384K, capacity 69900K, committed 70104K, reserved 1110016K
  class space    used 8828K, capacity 9441K, committed 9472K, reserved 1048576K
}
Event: 105.399 GC heap before
{Heap before GC invocations=20 (full 3):
 PSYoungGen      total 159232K, used 156961K [0x00000000e0000000, 0x00000000ec100000, 0x0000000100000000)
  eden space 130048K, 99% used [0x00000000e0000000,0x00000000e7e904c0,0x00000000e7f00000)
  from space 29184K, 93% used [0x00000000e9f80000,0x00000000eba37f88,0x00000000ebc00000)
  to   space 33280K, 0% used [0x00000000e7f00000,0x00000000e7f00000,0x00000000e9f80000)
 ParOldGen       total 114176K, used 42288K [0x00000000a0000000, 0x00000000a6f80000, 0x00000000e0000000)
  object space 114176K, 37% used [0x00000000a0000000,0x00000000a294c1c0,0x00000000a6f80000)
 Metaspace       used 68471K, capacity 71236K, committed 71256K, reserved 1112064K
  class space    used 8971K, capacity 9589K, committed 9600K, reserved 1048576K
Event: 105.435 GC heap after
Heap after GC invocations=20 (full 3):
 PSYoungGen      total 163328K, used 27566K [0x00000000e0000000, 0x00000000ed100000, 0x0000000100000000)
  eden space 130048K, 0% used [0x00000000e0000000,0x00000000e0000000,0x00000000e7f00000)
  from space 33280K, 82% used [0x00000000e7f00000,0x00000000e99eb838,0x00000000e9f80000)
  to   space 36352K, 0% used [0x00000000ead80000,0x00000000ead80000,0x00000000ed100000)
 ParOldGen       total 114176K, used 42296K [0x00000000a0000000, 0x00000000a6f80000, 0x00000000e0000000)
  object space 114176K, 37% used [0x00000000a0000000,0x00000000a294e1c0,0x00000000a6f80000)
 Metaspace       used 68471K, capacity 71236K, committed 71256K, reserved 1112064K
  class space    used 8971K, capacity 9589K, committed 9600K, reserved 1048576K
}
Event: 105.455 GC heap before
{Heap before GC invocations=21 (full 3):
 PSYoungGen      total 163328K, used 156814K [0x00000000e0000000, 0x00000000ed100000, 0x0000000100000000)
  eden space 130048K, 99% used [0x00000000e0000000,0x00000000e7e380f0,0x00000000e7f00000)
  from space 33280K, 82% used [0x00000000e7f00000,0x00000000e99eb838,0x00000000e9f80000)
  to   space 36352K, 0% used [0x00000000ead80000,0x00000000ead80000,0x00000000ed100000)
 ParOldGen       total 114176K, used 42296K [0x00000000a0000000, 0x00000000a6f80000, 0x00000000e0000000)
  object space 114176K, 37% used [0x00000000a0000000,0x00000000a294e1c0,0x00000000a6f80000)
 Metaspace       used 68477K, capacity 71236K, committed 71256K, reserved 1112064K
  class space    used 8971K, capacity 9589K, committed 9600K, reserved 1048576K
Event: 105.488 GC heap after
Heap after GC invocations=21 (full 3):
 PSYoungGen      total 175616K, used 26583K [0x00000000e0000000, 0x00000000ef480000, 0x0000000100000000)
  eden space 139264K, 0% used [0x00000000e0000000,0x00000000e0000000,0x00000000e8800000)
  from space 36352K, 73% used [0x00000000ead80000,0x00000000ec775da0,0x00000000ed100000)
  to   space 38400K, 0% used [0x00000000e8800000,0x00000000e8800000,0x00000000ead80000)
 ParOldGen       total 114176K, used 42304K [0x00000000a0000000, 0x00000000a6f80000, 0x00000000e0000000)
  object space 114176K, 37% used [0x00000000a0000000,0x00000000a29501c0,0x00000000a6f80000)
 Metaspace       used 68477K, capacity 71236K, committed 71256K, reserved 1112064K
  class space    used 8971K, capacity 9589K, committed 9600K, reserved 1048576K
}
Event: 830.261 GC heap before
{Heap before GC invocations=22 (full 3):
 PSYoungGen      total 175616K, used 165847K [0x00000000e0000000, 0x00000000ef480000, 0x0000000100000000)
  eden space 139264K, 100% used [0x00000000e0000000,0x00000000e8800000,0x00000000e8800000)
  from space 36352K, 73% used [0x00000000ead80000,0x00000000ec775da0,0x00000000ed100000)
  to   space 38400K, 0% used [0x00000000e8800000,0x00000000e8800000,0x00000000ead80000)
 ParOldGen       total 114176K, used 42304K [0x00000000a0000000, 0x00000000a6f80000, 0x00000000e0000000)
  object space 114176K, 37% used [0x00000000a0000000,0x00000000a29501c0,0x00000000a6f80000)
 Metaspace       used 71161K, capacity 74174K, committed 74328K, reserved 1114112K
  class space    used 9326K, capacity 10036K, committed 10112K, reserved 1048576K
Event: 848.134 GC heap after
Heap after GC invocations=22 (full 3):
 PSYoungGen      total 177664K, used 29847K [0x00000000e0000000, 0x00000000f0380000, 0x0000000100000000)
  eden space 139264K, 0% used [0x00000000e0000000,0x00000000e0000000,0x00000000e8800000)
  from space 38400K, 77% used [0x00000000e8800000,0x00000000ea525c68,0x00000000ead80000)
  to   space 40960K, 0% used [0x00000000edb80000,0x00000000edb80000,0x00000000f0380000)
 ParOldGen       total 114176K, used 42312K [0x00000000a0000000, 0x00000000a6f80000, 0x00000000e0000000)
  object space 114176K, 37% used [0x00000000a0000000,0x00000000a29521c0,0x00000000a6f80000)
 Metaspace       used 71161K, capacity 74174K, committed 74328K, reserved 1114112K
  class space    used 9326K, capacity 10036K, committed 10112K, reserved 1048576K
}

Deoptimization events (10 events):
Event: 862.813 Thread 0x0000000018a66800 Uncommon trap: reason=bimorphic action=maybe_recompile pc=0x00000000043883b8 method=com.google.common.collect.AbstractMapBasedMultimap.iteratorOrListIterator(Ljava/util/Collection;)Ljava/util/Iterator; @ 20
Event: 862.813 Thread 0x0000000018a66800 Uncommon trap: reason=bimorphic action=maybe_recompile pc=0x00000000043883b8 method=com.google.common.collect.AbstractMapBasedMultimap.iteratorOrListIterator(Ljava/util/Collection;)Ljava/util/Iterator; @ 20
Event: 862.813 Thread 0x0000000018a66800 Uncommon trap: reason=bimorphic action=maybe_recompile pc=0x000000000358a1dc method=com.google.common.collect.AbstractMapBasedMultimap.iteratorOrListIterator(Ljava/util/Collection;)Ljava/util/Iterator; @ 20
Event: 940.523 Thread 0x0000000018b73800 Uncommon trap: reason=predicate action=maybe_recompile pc=0x0000000004624160 method=com.google.common.collect.ImmutableSet.construct(I[Ljava/lang/Object;)Lcom/google/common/collect/ImmutableSet; @ 71
Event: 942.696 Thread 0x0000000018b79800 Uncommon trap: reason=unstable_if action=reinterpret pc=0x0000000004bedf4c method=java.util.concurrent.ConcurrentHashMap.addCount(JI)V @ 97
Event: 944.663 Thread 0x0000000018a5a000 Uncommon trap: reason=class_check action=maybe_recompile pc=0x00000000048b1ca8 method=com.google.common.collect.Sets$1.contains(Ljava/lang/Object;)Z @ 18
Event: 1291.535 Thread 0x0000000018a5a800 Uncommon trap: reason=array_check action=maybe_recompile pc=0x0000000004c602f0 method=com.google.common.collect.ImmutableSet.construct(I[Ljava/lang/Object;)Lcom/google/common/collect/ImmutableSet; @ 122
Event: 1291.664 Thread 0x0000000018a5a800 Uncommon trap: reason=array_check action=maybe_recompile pc=0x0000000004c602f0 method=com.google.common.collect.ImmutableSet.construct(I[Ljava/lang/Object;)Lcom/google/common/collect/ImmutableSet; @ 122
Event: 1291.688 Thread 0x0000000018a5a800 Uncommon trap: reason=array_check action=maybe_recompile pc=0x0000000004c602f0 method=com.google.common.collect.ImmutableSet.construct(I[Ljava/lang/Object;)Lcom/google/common/collect/ImmutableSet; @ 122
Event: 1291.745 Thread 0x0000000018a5a800 Uncommon trap: reason=array_check action=maybe_recompile pc=0x0000000004c602f0 method=com.google.common.collect.ImmutableSet.construct(I[Ljava/lang/Object;)Lcom/google/common/collect/ImmutableSet; @ 122

Classes redefined (0 events):
No events

Internal exceptions (10 events):
Event: 105.844 Thread 0x000000001958d800 Exception <a 'java/lang/NoSuchMethodError': <clinit>> (0x00000000e13e1458) thrown at [D:\src\AOSP-openjdk-cygwin\jdk8u\hotspot\src\share\vm\prims\jni.cpp, line 1613]
Event: 105.845 Thread 0x000000001958d800 Exception <a 'java/lang/NoSuchMethodError': <clinit>> (0x00000000e13e6f30) thrown at [D:\src\AOSP-openjdk-cygwin\jdk8u\hotspot\src\share\vm\prims\jni.cpp, line 1613]
Event: 105.846 Thread 0x000000001958d800 Exception <a 'java/lang/NoSuchMethodError': <clinit>> (0x00000000e13fa360) thrown at [D:\src\AOSP-openjdk-cygwin\jdk8u\hotspot\src\share\vm\prims\jni.cpp, line 1613]
Event: 584.702 Thread 0x0000000018b6e800 Exception <a 'sun/nio/fs/WindowsException'> (0x00000000e22c11a0) thrown at [D:\src\AOSP-openjdk-cygwin\jdk8u\hotspot\src\share\vm\prims\jni.cpp, line 709]
Event: 586.161 Thread 0x0000000018a5b800 Exception <a 'java/lang/reflect/InvocationTargetException'> (0x00000000e4683748) thrown at [D:\src\AOSP-openjdk-cygwin\jdk8u\hotspot\src\share\vm\runtime\reflection.cpp, line 1092]
Event: 815.347 Thread 0x0000000018a59000 Exception <a 'sun/nio/fs/WindowsException'> (0x00000000e5534880) thrown at [D:\src\AOSP-openjdk-cygwin\jdk8u\hotspot\src\share\vm\prims\jni.cpp, line 709]
Event: 863.698 Thread 0x0000000018a66800 Exception <a 'java/lang/reflect/InvocationTargetException'> (0x00000000e24aaca8) thrown at [D:\src\AOSP-openjdk-cygwin\jdk8u\hotspot\src\share\vm\runtime\reflection.cpp, line 1092]
Event: 941.251 Thread 0x0000000018b73800 Exception <a 'sun/nio/fs/WindowsException'> (0x00000000e3301ed0) thrown at [D:\src\AOSP-openjdk-cygwin\jdk8u\hotspot\src\share\vm\prims\jni.cpp, line 709]
Event: 944.855 Thread 0x0000000018b73800 Exception <a 'java/lang/reflect/InvocationTargetException'> (0x00000000e5667d00) thrown at [D:\src\AOSP-openjdk-cygwin\jdk8u\hotspot\src\share\vm\runtime\reflection.cpp, line 1092]
Event: 1296.602 Thread 0x0000000018a5a800 Exception <a 'sun/nio/fs/WindowsException'> (0x00000000e684ae10) thrown at [D:\src\AOSP-openjdk-cygwin\jdk8u\hotspot\src\share\vm\prims\jni.cpp, line 709]

Events (10 events):
Event: 1300.676 Executing VM operation: RevokeBias
Event: 1300.676 Executing VM operation: RevokeBias done
Event: 1300.676 Executing VM operation: RevokeBias
Event: 1300.676 Executing VM operation: RevokeBias done
Event: 1300.678 Executing VM operation: RevokeBias
Event: 1300.678 Executing VM operation: RevokeBias done
Event: 1300.678 Executing VM operation: RevokeBias
Event: 1300.678 Executing VM operation: RevokeBias done
Event: 1300.679 Executing VM operation: BulkRevokeBias
Event: 1300.809 Executing VM operation: BulkRevokeBias done


Dynamic libraries:
0x00007ff6c7a30000 - 0x00007ff6c7a61000 	C:\Program Files\Android\Android Studio\jre\bin\java.exe
0x00007ffd765e0000 - 0x00007ffd7678d000 	C:\Windows\SYSTEM32\ntdll.dll
0x00007ffd76300000 - 0x00007ffd7643e000 	C:\Windows\system32\KERNEL32.DLL
0x00007ffd73a90000 - 0x00007ffd73ba6000 	C:\Windows\system32\KERNELBASE.dll
0x00007ffd761f0000 - 0x00007ffd7629a000 	C:\Windows\system32\ADVAPI32.dll
0x00007ffd74120000 - 0x00007ffd74297000 	C:\Windows\system32\USER32.dll
0x00007ffd715e0000 - 0x00007ffd7185b000 	C:\Windows\WinSxS\amd64_microsoft.windows.common-controls_6595b64144ccf1df_6.0.9600.18006_none_623f33d3ecbe86e8\COMCTL32.dll
0x00007ffd75ec0000 - 0x00007ffd75f6a000 	C:\Windows\system32\msvcrt.dll
0x00007ffd74380000 - 0x00007ffd743d9000 	C:\Windows\SYSTEM32\sechost.dll
0x00007ffd73f70000 - 0x00007ffd740b0000 	C:\Windows\system32\RPCRT4.dll
0x00007ffd73e20000 - 0x00007ffd73f6c000 	C:\Windows\system32\GDI32.dll
0x00007ffd73a00000 - 0x00007ffd73a2e000 	C:\Windows\system32\SspiCli.dll
0x00007ffd742a0000 - 0x00007ffd742d6000 	C:\Windows\system32\IMM32.DLL
0x00007ffd759f0000 - 0x00007ffd75b41000 	C:\Windows\system32\MSCTF.dll
0x00000000623b0000 - 0x0000000062482000 	C:\Program Files\Android\Android Studio\jre\jre\bin\msvcr100.dll
0x0000000061a30000 - 0x000000006226f000 	C:\Program Files\Android\Android Studio\jre\jre\bin\server\jvm.dll
0x00007ffd6fdc0000 - 0x00007ffd6fdc9000 	C:\Windows\SYSTEM32\WSOCK32.dll
0x00007ffd6b850000 - 0x00007ffd6b872000 	C:\Windows\SYSTEM32\WINMM.dll
0x00007ffd6b730000 - 0x00007ffd6b73a000 	C:\Windows\SYSTEM32\VERSION.dll
0x00007ffd75d30000 - 0x00007ffd75d37000 	C:\Windows\system32\PSAPI.DLL
0x00007ffd762a0000 - 0x00007ffd762fa000 	C:\Windows\system32\WS2_32.dll
0x00007ffd6b810000 - 0x00007ffd6b83a000 	C:\Windows\SYSTEM32\WINMMBASE.dll
0x00007ffd74110000 - 0x00007ffd74119000 	C:\Windows\system32\NSI.dll
0x00007ffd739b0000 - 0x00007ffd739ff000 	C:\Windows\SYSTEM32\cfgmgr32.dll
0x00007ffd72510000 - 0x00007ffd72538000 	C:\Windows\SYSTEM32\DEVOBJ.dll
0x00007ffd50f30000 - 0x00007ffd50f3f000 	C:\Program Files\Android\Android Studio\jre\jre\bin\verify.dll
0x00007ffd50f00000 - 0x00007ffd50f29000 	C:\Program Files\Android\Android Studio\jre\jre\bin\java.dll
0x00007ffd50ee0000 - 0x00007ffd50ef6000 	C:\Program Files\Android\Android Studio\jre\jre\bin\zip.dll
0x00007ffd743f0000 - 0x00007ffd7591b000 	C:\Windows\system32\SHELL32.dll
0x00007ffd75fd0000 - 0x00007ffd761e2000 	C:\Windows\SYSTEM32\combase.dll
0x00007ffd75f70000 - 0x00007ffd75fc4000 	C:\Windows\system32\SHLWAPI.dll
0x00007ffd71b20000 - 0x00007ffd71bd2000 	C:\Windows\SYSTEM32\SHCORE.dll
0x00007ffd73700000 - 0x00007ffd73715000 	C:\Windows\SYSTEM32\profapi.dll
0x00007ffd4d960000 - 0x00007ffd4d97a000 	C:\Program Files\Android\Android Studio\jre\jre\bin\net.dll
0x00007ffd73000000 - 0x00007ffd73059000 	C:\Windows\system32\mswsock.dll
0x00007ffd4d580000 - 0x00007ffd4d591000 	C:\Program Files\Android\Android Studio\jre\jre\bin\nio.dll
0x00007ffd511a0000 - 0x00007ffd511be000 	C:\Users\Administrador\.gradle\native\25\windows-amd64\native-platform.dll
0x00007ffd4d1d0000 - 0x00007ffd4d1dd000 	C:\Program Files\Android\Android Studio\jre\jre\bin\management.dll
0x00007ffd73060000 - 0x00007ffd73080000 	C:\Windows\SYSTEM32\CRYPTSP.dll
0x00007ffd72c30000 - 0x00007ffd72c66000 	C:\Windows\system32\rsaenh.dll
0x00007ffd732d0000 - 0x00007ffd732f6000 	C:\Windows\SYSTEM32\bcrypt.dll
0x00007ffd72d40000 - 0x00007ffd72d61000 	C:\Windows\SYSTEM32\USERENV.dll
0x00007ffd735d0000 - 0x00007ffd73633000 	C:\Windows\system32\bcryptprimitives.dll
0x00007ffd73640000 - 0x00007ffd7364b000 	C:\Windows\SYSTEM32\CRYPTBASE.dll
0x00007ffd6fe30000 - 0x00007ffd6fe5a000 	C:\Windows\SYSTEM32\IPHLPAPI.DLL
0x00007ffd6fe10000 - 0x00007ffd6fe1a000 	C:\Windows\SYSTEM32\WINNSI.DLL
0x00007ffd6e120000 - 0x00007ffd6e136000 	C:\Windows\SYSTEM32\dhcpcsvc6.DLL
0x00007ffd6fc40000 - 0x00007ffd6fc5a000 	C:\Windows\SYSTEM32\dhcpcsvc.DLL
0x00007ffd71ff0000 - 0x00007ffd7207e000 	C:\Windows\system32\apphelp.dll

VM Arguments:
jvm_args: -Xmx1536m -Dfile.encoding=windows-1252 -Duser.country=MX -Duser.language=es -Duser.variant 
java_command: org.gradle.launcher.daemon.bootstrap.GradleDaemon 4.4
java_class_path (initial): C:\Users\Administrador\.gradle\wrapper\dists\gradle-4.4-all\9br9xq1tocpiv8o6njlyu5op1\gradle-4.4\lib\gradle-launcher-4.4.jar
Launcher Type: SUN_STANDARD

Environment Variables:
PATH=C:\Program Files (x86)\Common Files\Oracle\Java\javapath;C:\ProgramData\Oracle\Java\javapath;C:\Program Files (x86)\Intel\iCLS Client\;C:\Program Files\Intel\iCLS Client\;C:\Windows\system32;C:\Windows;C:\Windows\System32\Wbem;C:\Windows\System32\WindowsPowerShell\v1.0\;C:\Program Files\Intel\Intel(R) Management Engine Components\DAL;C:\Program Files\Intel\Intel(R) Management Engine Components\IPT;C:\Program Files (x86)\Intel\Intel(R) Management Engine Components\DAL;C:\Program Files (x86)\Intel\Intel(R) Management Engine Components\IPT;C:\Program Files\Microsoft SQL Server\110\Tools\Binn\;C:\Program Files (x86)\Microsoft SQL Server\110\Tools\Binn\;C:\Program Files\Microsoft SQL Server\110\DTS\Binn\;C:\Program Files (x86)\Microsoft SQL Server\110\Tools\Binn\ManagementStudio\;C:\Program Files (x86)\Microsoft SQL Server\110\DTS\Binn\;C:\Program Files\nodejs\;C:\Program Files\Git\cmd;C:\Program Files\Git\mingw64\bin;C:\Program Files\Git\usr\bin;C:\Users\Administrador\AppData\Local\atom\bin;C:\Users\Administrador\AppData\Roaming\npm;C:\Users\Administrador\AppData\Local\Programs\Microsoft VS Code\bin
USERNAME=Administrador
OS=Windows_NT
PROCESSOR_IDENTIFIER=Intel64 Family 6 Model 69 Stepping 1, GenuineIntel



---------------  S Y S T E M  ---------------

OS: Windows 8.1 , 64 bit Build 9600 (6.3.9600.17415)

CPU:total 4 (initial active 4) (2 cores per cpu, 2 threads per core) family 6 model 69 stepping 1, cmov, cx8, fxsr, mmx, sse, sse2, sse3, ssse3, sse4.1, sse4.2, popcnt, avx, avx2, aes, clmul, erms, lzcnt, ht, tsc, tscinvbit, bmi1, bmi2

Memory: 4k page, physical 4096848k(369220k free), swap 7242576k(6024k free)

vm_info: OpenJDK 64-Bit Server VM (25.152-b02) for windows-amd64 JRE (1.8.0_152-release-1024-b02), built by "builder" with MS VC++ 10.0 (VS2010)

time: Mon Nov 12 22:03:47 2018
elapsed time: 1302 seconds (0d 0h 21m 42s)

